
> mini-inventory@ lint /Users/pliffdax/Projects/university/mini-inventory
> eslint .


/Users/pliffdax/Projects/university/mini-inventory/apps/api/src/app.ts
  0:0  error  Parsing error: error TS5012: Cannot read file '/Users/pliffdax/Projects/university/mini-inventory/apps/api/tsconfig.eslint.json': ENOENT: no such file or directory, open '/Users/pliffdax/Projects/university/mini-inventory/apps/api/tsconfig.eslint.json'

/Users/pliffdax/Projects/university/mini-inventory/apps/api/src/db.ts
  0:0  error  Parsing error: error TS5012: Cannot read file '/Users/pliffdax/Projects/university/mini-inventory/apps/api/tsconfig.eslint.json': ENOENT: no such file or directory, open '/Users/pliffdax/Projects/university/mini-inventory/apps/api/tsconfig.eslint.json'

/Users/pliffdax/Projects/university/mini-inventory/apps/api/src/errors.ts
  0:0  error  Parsing error: error TS5012: Cannot read file '/Users/pliffdax/Projects/university/mini-inventory/apps/api/tsconfig.eslint.json': ENOENT: no such file or directory, open '/Users/pliffdax/Projects/university/mini-inventory/apps/api/tsconfig.eslint.json'

/Users/pliffdax/Projects/university/mini-inventory/apps/api/src/index.ts
  0:0  error  Parsing error: error TS5012: Cannot read file '/Users/pliffdax/Projects/university/mini-inventory/apps/api/tsconfig.eslint.json': ENOENT: no such file or directory, open '/Users/pliffdax/Projects/university/mini-inventory/apps/api/tsconfig.eslint.json'

/Users/pliffdax/Projects/university/mini-inventory/apps/api/src/repositories/prisma.ts
  0:0  error  Parsing error: error TS5012: Cannot read file '/Users/pliffdax/Projects/university/mini-inventory/apps/api/tsconfig.eslint.json': ENOENT: no such file or directory, open '/Users/pliffdax/Projects/university/mini-inventory/apps/api/tsconfig.eslint.json'

/Users/pliffdax/Projects/university/mini-inventory/apps/api/src/repositories/types.ts
  0:0  error  Parsing error: error TS5012: Cannot read file '/Users/pliffdax/Projects/university/mini-inventory/apps/api/tsconfig.eslint.json': ENOENT: no such file or directory, open '/Users/pliffdax/Projects/university/mini-inventory/apps/api/tsconfig.eslint.json'

/Users/pliffdax/Projects/university/mini-inventory/apps/api/src/services/category.service.ts
  0:0  error  Parsing error: error TS5012: Cannot read file '/Users/pliffdax/Projects/university/mini-inventory/apps/api/tsconfig.eslint.json': ENOENT: no such file or directory, open '/Users/pliffdax/Projects/university/mini-inventory/apps/api/tsconfig.eslint.json'

/Users/pliffdax/Projects/university/mini-inventory/apps/api/src/services/item.service.ts
  0:0  error  Parsing error: error TS5012: Cannot read file '/Users/pliffdax/Projects/university/mini-inventory/apps/api/tsconfig.eslint.json': ENOENT: no such file or directory, open '/Users/pliffdax/Projects/university/mini-inventory/apps/api/tsconfig.eslint.json'

/Users/pliffdax/Projects/university/mini-inventory/apps/api/vitest.config.ts
  0:0  error  Parsing error: error TS5012: Cannot read file '/Users/pliffdax/Projects/university/mini-inventory/apps/api/tsconfig.eslint.json': ENOENT: no such file or directory, open '/Users/pliffdax/Projects/university/mini-inventory/apps/api/tsconfig.eslint.json'

/Users/pliffdax/Projects/university/mini-inventory/packages/shared/src/index.ts
  0:0  error  Parsing error: error TS5012: Cannot read file '/Users/pliffdax/Projects/university/mini-inventory/apps/api/tsconfig.eslint.json': ENOENT: no such file or directory, open '/Users/pliffdax/Projects/university/mini-inventory/apps/api/tsconfig.eslint.json'

✖ 10 problems (10 errors, 0 warnings)

 ELIFECYCLE  Command failed with exit code 1.
